<?xml version="1.0" encoding="UTF-8"?>
<!-- Generated by org.testng.reporters.JUnitReportReporter -->
<testsuite hostname="DESKTOP-3A7BKLK" failures="0" tests="1" name="Selenium_2.Take_ScreenShotTest" time="14.129" errors="0" timestamp="2022-08-02T22:26:39 IST" skipped="0">
  <testcase classname="Selenium_2.Take_ScreenShotTest" name="takeScreenshot" time="14.129"/>
  <system-out/>
</testsuite> <!-- Selenium_2.Take_ScreenShotTest -->
