<?xml version="1.0" encoding="UTF-8"?>
<!-- Generated by org.testng.reporters.JUnitReportReporter -->
<testsuite hostname="DESKTOP-3A7BKLK" failures="0" tests="4" name="Selenium_2.AlertsPopupWindowsTest" time="76.071" errors="0" timestamp="2022-07-26T14:02:59 IST" skipped="0">
  <testcase classname="Selenium_2.AlertsPopupWindowsTest" name="TC_03_alertHandle" time="14.457"/>
  <system-out/>
  <testcase classname="Selenium_2.AlertsPopupWindowsTest" name="TC_04_popUpWindows" time="24.252"/>
  <system-out/>
  <testcase classname="Selenium_2.AlertsPopupWindowsTest" name="TC_02_downloadFile" time="11.838"/>
  <system-out/>
  <testcase classname="Selenium_2.AlertsPopupWindowsTest" name="TC_01_uploadFile" time="25.524"/>
  <system-out/>
</testsuite> <!-- Selenium_2.AlertsPopupWindowsTest -->
