<?xml version="1.0" encoding="UTF-8"?>
<!-- Generated by org.testng.reporters.JUnitReportReporter -->
<testsuite hostname="DESKTOP-3A7BKLK" failures="0" tests="4" name="Selenium_2.Test_up_load_popup" time="54.834" errors="0" timestamp="2022-07-27T12:19:07 IST" skipped="0">
  <testcase classname="Selenium_2.Test_up_load_popup" name="TC_02_download_file" time="15.577"/>
  <system-out/>
  <testcase classname="Selenium_2.Test_up_load_popup" name="TC_03_Alert_Handle" time="10.526"/>
  <system-out/>
  <testcase classname="Selenium_2.Test_up_load_popup" name="TC_04_popup_windows" time="13.315"/>
  <system-out/>
  <testcase classname="Selenium_2.Test_up_load_popup" name="TC_01_upload_file" time="15.416"/>
  <system-out/>
</testsuite> <!-- Selenium_2.Test_up_load_popup -->
