<?xml version="1.0" encoding="UTF-8"?>
<!-- Generated by org.testng.reporters.JUnitReportReporter -->
<testsuite hostname="DESKTOP-3A7BKLK" failures="0" tests="1" name="Seleniumpro.Selenium_chrome.Test_MouseHover" time="2.202" errors="0" timestamp="2022-07-19T17:39:03 IST" skipped="0">
  <testcase classname="Seleniumpro.Selenium_chrome.Test_MouseHover" name="Testmouse_Hover" time="2.202"/>
  <system-out/>
</testsuite> <!-- Seleniumpro.Selenium_chrome.Test_MouseHover -->
