<?xml version="1.0" encoding="UTF-8"?>
<!-- Generated by org.testng.reporters.JUnitReportReporter -->
<testsuite hostname="DESKTOP-3A7BKLK" failures="0" tests="6" name="Seleniumpro.Selenium_chrome.Test_Launch" time="6.598" errors="0" timestamp="14 Jul 2022 19:03:25 GMT" skipped="0">
  <testcase classname="Seleniumpro.Selenium_chrome.Test_Launch" name="resetDisable" time="2.076"/>
  <testcase classname="Seleniumpro.Selenium_chrome.Test_Launch" name="noClick" time="0.097"/>
  <testcase classname="Seleniumpro.Selenium_chrome.Test_Launch" name="resetClick" time="0.067"/>
  <testcase classname="Seleniumpro.Selenium_chrome.Test_Launch" name="yesClick" time="0.081"/>
  <testcase classname="Seleniumpro.Selenium_chrome.Test_Launch" name="YesDisable" time="2.121"/>
  <testcase classname="Seleniumpro.Selenium_chrome.Test_Launch" name="NoDisable" time="2.156"/>
</testsuite> <!-- Seleniumpro.Selenium_chrome.Test_Launch -->
