<?xml version="1.0" encoding="UTF-8"?>
<!-- Generated by org.testng.reporters.JUnitReportReporter -->
<testsuite hostname="DESKTOP-3A7BKLK" failures="0" tests="1" name="Selenium_2.Practice_takescreenshot" time="9.162" errors="0" timestamp="2022-08-03T00:16:20 IST" skipped="0">
  <testcase classname="Selenium_2.Practice_takescreenshot" name="take_screenshot" time="9.162"/>
  <system-out/>
</testsuite> <!-- Selenium_2.Practice_takescreenshot -->
