<?xml version="1.0" encoding="UTF-8"?>
<!-- Generated by org.testng.reporters.JUnitReportReporter -->
<testsuite hostname="DESKTOP-3A7BKLK" failures="0" tests="4" name="Selenium_2.popup2$SeleniumTest" time="92.219" errors="0" timestamp="2022-07-26T13:34:33 IST" skipped="0">
  <testcase classname="Selenium_2.popup2$SeleniumTest" name="N_03_alertHandle" time="13.266"/>
  <system-out/>
  <testcase classname="Selenium_2.popup2$SeleniumTest" name="N_01_uploadFile" time="23.608"/>
  <system-out/>
  <testcase classname="Selenium_2.popup2$SeleniumTest" name="N_02_downloadFile" time="12.269"/>
  <system-out/>
  <testcase classname="Selenium_2.popup2$SeleniumTest" name="N_04_popUpWindows" time="43.076"/>
  <system-out/>
</testsuite> <!-- Selenium_2.popup2$SeleniumTest -->
