<?xml version="1.0" encoding="UTF-8"?>
<!-- Generated by org.testng.reporters.JUnitReportReporter -->
<testsuite hostname="DESKTOP-3A7BKLK" failures="0" tests="3" name="Selenium_2.Test_Launch_Program" time="5.566" errors="0" timestamp="2022-07-23T00:11:56 IST" skipped="0">
  <testcase classname="Selenium_2.Test_Launch_Program" name="N_03_Select_INDIA" time="1.576"/>
  <system-out/>
  <testcase classname="Selenium_2.Test_Launch_Program" name="N_02_add_Details" time="1.010"/>
  <system-out/>
  <testcase classname="Selenium_2.Test_Launch_Program" name="N_01_Click_on_Register" time="2.980"/>
  <system-out/>
</testsuite> <!-- Selenium_2.Test_Launch_Program -->
