<?xml version="1.0" encoding="UTF-8"?>
<!-- Generated by org.testng.reporters.JUnitReportReporter -->
<testsuite hostname="DESKTOP-3A7BKLK" failures="0" tests="1" name="POM.Test_Login_Pom" time="7.176" errors="0" timestamp="2022-08-08T22:52:47 IST" skipped="0">
  <testcase classname="POM.Test_Login_Pom" name="validation" time="7.176"/>
  <system-out/>
</testsuite> <!-- POM.Test_Login_Pom -->
